Using pre-set license
Built from '2021.3/staging' branch; Version is '2021.3.9f1 (ad3870b89536) revision 11352176'; Using compiler version '192829333'; Build Type 'Release'
OS: 'Windows 10  (10.0.17763) 64bit EnterpriseS' Language: 'ru' Physical Memory: 8072 MB
BatchMode: 1, IsHumanControllingUs: 0, StartBugReporterOnCrash: 0, Is64bit: 1, IsPro: 1

COMMAND LINE ARGUMENTS:
C:\Program Files\Unity\Hub\Editor\2021.3.9f1\Editor\Unity.exe
-adb2
-batchMode
-noUpm
-name
AssetImportWorker6
-projectPath
D:/Unity/Vectora/Vectora
-logFile
Logs/AssetImportWorker6.log
-srvPort
63556
Successfully changed project path to: D:/Unity/Vectora/Vectora
D:/Unity/Vectora/Vectora
[UnityMemory] Configuration Parameters - Can be set up in boot.config
    "memorysetup-bucket-allocator-granularity=16"
    "memorysetup-bucket-allocator-bucket-count=8"
    "memorysetup-bucket-allocator-block-size=33554432"
    "memorysetup-bucket-allocator-block-count=8"
    "memorysetup-main-allocator-block-size=16777216"
    "memorysetup-thread-allocator-block-size=16777216"
    "memorysetup-gfx-main-allocator-block-size=16777216"
    "memorysetup-gfx-thread-allocator-block-size=16777216"
    "memorysetup-cache-allocator-block-size=4194304"
    "memorysetup-typetree-allocator-block-size=2097152"
    "memorysetup-profiler-bucket-allocator-granularity=16"
    "memorysetup-profiler-bucket-allocator-bucket-count=8"
    "memorysetup-profiler-bucket-allocator-block-size=33554432"
    "memorysetup-profiler-bucket-allocator-block-count=8"
    "memorysetup-profiler-allocator-block-size=16777216"
    "memorysetup-profiler-editor-allocator-block-size=1048576"
    "memorysetup-temp-allocator-size-main=16777216"
    "memorysetup-job-temp-allocator-block-size=2097152"
    "memorysetup-job-temp-allocator-block-size-background=1048576"
    "memorysetup-job-temp-allocator-reduction-small-platforms=262144"
    "memorysetup-temp-allocator-size-background-worker=32768"
    "memorysetup-temp-allocator-size-job-worker=262144"
    "memorysetup-temp-allocator-size-preload-manager=33554432"
    "memorysetup-temp-allocator-size-nav-mesh-worker=65536"
    "memorysetup-temp-allocator-size-audio-worker=65536"
    "memorysetup-temp-allocator-size-cloud-worker=32768"
    "memorysetup-temp-allocator-size-gi-baking-worker=262144"
    "memorysetup-temp-allocator-size-gfx=262144"
Refreshing native plugins compatible for Editor in 153.54 ms, found 3 plugins.
Preloading 0 native plugins for Editor in 0.00 ms.
Initialize engine version: 2021.3.9f1 (ad3870b89536)
[Subsystems] Discovering subsystems at path C:/Program Files/Unity/Hub/Editor/2021.3.9f1/Editor/Data/Resources/UnitySubsystems
[Subsystems] Discovering subsystems at path D:/Unity/Vectora/Vectora/Assets
GfxDevice: creating device client; threaded=0; jobified=0
Direct3D:
    Version:  Direct3D 11.0 [level 11.1]
    Renderer: NVIDIA GeForce GTX 1050 (ID=0x1c91)
    Vendor:   NVIDIA
    VRAM:     2996 MB
    Driver:   31.0.15.1694
Initialize mono
Mono path[0] = 'C:/Program Files/Unity/Hub/Editor/2021.3.9f1/Editor/Data/Managed'
Mono path[1] = 'C:/Program Files/Unity/Hub/Editor/2021.3.9f1/Editor/Data/MonoBleedingEdge/lib/mono/unityjit-win32'
Mono config path = 'C:/Program Files/Unity/Hub/Editor/2021.3.9f1/Editor/Data/MonoBleedingEdge/etc'
Using monoOptions --debugger-agent=transport=dt_socket,embedding=1,server=y,suspend=n,address=127.0.0.1:56416
Begin MonoManager ReloadAssembly
Registering precompiled unity dll's ...
Register platform support module: C:/Program Files/Unity/Hub/Editor/2021.3.9f1/Editor/Data/PlaybackEngines/WindowsStandaloneSupport/UnityEditor.WindowsStandalone.Extensions.dll
Registered in 0.007633 seconds.
Native extension for WindowsStandalone target not found
Refreshing native plugins compatible for Editor in 132.80 ms, found 3 plugins.
Preloading 0 native plugins for Editor in 0.00 ms.
Mono: successfully reloaded assembly
- Completed reload, in  1.217 seconds
Domain Reload Profiling:
	ReloadAssembly (1218ms)
		BeginReloadAssembly (156ms)
			ExecutionOrderSort (0ms)
			DisableScriptedObjects (0ms)
			BackupInstance (0ms)
			ReleaseScriptingObjects (0ms)
			CreateAndSetChildDomain (2ms)
		EndReloadAssembly (871ms)
			LoadAssemblies (151ms)
			RebuildTransferFunctionScriptingTraits (0ms)
			SetupTypeCache (209ms)
			ReleaseScriptCaches (0ms)
			RebuildScriptCaches (60ms)
			SetupLoadedEditorAssemblies (516ms)
				LogAssemblyErrors (0ms)
				InitializePlatformSupportModulesInManaged (11ms)
				SetLoadedEditorAssemblies (0ms)
				RefreshPlugins (133ms)
				BeforeProcessingInitializeOnLoad (2ms)
				ProcessInitializeOnLoadAttributes (273ms)
				ProcessInitializeOnLoadMethodAttributes (97ms)
				AfterProcessingInitializeOnLoad (0ms)
				EditorAssembliesLoaded (0ms)
			ExecutionOrderSort2 (0ms)
			AwakeInstancesAfterBackupRestoration (0ms)
Platform modules already initialized, skipping
Registering precompiled user dll's ...
Registered in 0.009224 seconds.
Begin MonoManager ReloadAssembly
Symbol file LoadedFromMemory doesn't match image D:\Unity\Vectora\Vectora\Library\PackageCache\com.unity.visualscripting@1.7.8\Editor\VisualScripting.Core\Dependencies\YamlDotNet\Unity.VisualScripting.YamlDotNet.dll
Symbol file LoadedFromMemory doesn't match image D:\Unity\Vectora\Vectora\Library\PackageCache\com.unity.visualscripting@1.7.8\Editor\VisualScripting.Core\Dependencies\DotNetZip\Unity.VisualScripting.IonicZip.dll
Native extension for WindowsStandalone target not found
Refreshing native plugins compatible for Editor in 2.29 ms, found 3 plugins.
Preloading 0 native plugins for Editor in 0.00 ms.
Mono: successfully reloaded assembly
- Completed reload, in  5.170 seconds
Domain Reload Profiling:
	ReloadAssembly (5171ms)
		BeginReloadAssembly (313ms)
			ExecutionOrderSort (0ms)
			DisableScriptedObjects (16ms)
			BackupInstance (0ms)
			ReleaseScriptingObjects (0ms)
			CreateAndSetChildDomain (54ms)
		EndReloadAssembly (4529ms)
			LoadAssemblies (2114ms)
			RebuildTransferFunctionScriptingTraits (0ms)
			SetupTypeCache (729ms)
			ReleaseScriptCaches (2ms)
			RebuildScriptCaches (211ms)
			SetupLoadedEditorAssemblies (1341ms)
				LogAssemblyErrors (0ms)
				InitializePlatformSupportModulesInManaged (14ms)
				SetLoadedEditorAssemblies (1ms)
				RefreshPlugins (2ms)
				BeforeProcessingInitializeOnLoad (206ms)
				ProcessInitializeOnLoadAttributes (946ms)
				ProcessInitializeOnLoadMethodAttributes (155ms)
				AfterProcessingInitializeOnLoad (15ms)
				EditorAssembliesLoaded (0ms)
			ExecutionOrderSort2 (0ms)
			AwakeInstancesAfterBackupRestoration (28ms)
Platform modules already initialized, skipping
========================================================================
Worker process is ready to serve import requests
Launched and connected shader compiler UnityShaderCompiler.exe after 0.29 seconds
Refreshing native plugins compatible for Editor in 1.62 ms, found 3 plugins.
Preloading 0 native plugins for Editor in 0.00 ms.
Unloading 3380 Unused Serialized files (Serialized files now loaded: 0)
Unloading 27 unused Assets / (111.3 KB). Loaded Objects now: 3837.
Memory consumption went from 116.2 MB to 116.1 MB.
Total: 49.866400 ms (FindLiveObjects: 0.744800 ms CreateObjectMapping: 0.846100 ms MarkObjects: 48.019900 ms  DeleteObjects: 0.254200 ms)

AssetImportParameters requested are different than current active one (requested -> active):
  custom:video-decoder-ogg-theora: a1e56fd34408186e4bbccfd4996cb3dc -> 
  custom:container-muxer-webm: aa71ff27fc2769a1b78a27578f13a17b -> 
  custom:container-demuxer-webm: 4f35f7cbe854078d1ac9338744f61a02 -> 
  custom:video-encoder-webm-vp8: eb34c28f22e8b96e1ab97ce403110664 -> 
  custom:audio-encoder-webm-vorbis: bf7c407c2cedff20999df2af8eb42d56 -> 
  custom:framework-win-MediaFoundation: 216162199b28c13a410421893ffa2e32 -> 
  custom:container-demuxer-ogg: 62fdf1f143b41e24485cea50d1cbac27 -> 
  custom:video-decoder-webm-vp8: 9c59270c3fd7afecdb556c50c9e8de78 -> 
  custom:audio-decoder-ogg-vorbis: bf7c407c2cedff20999df2af8eb42d56 -> 
========================================================================
Received Import Request.
  Time since last request: 16995.903443 seconds.
  path: Assets/Vector_Part02_Solution/Vectors_Part_02_Solution.unitypackage
  artifactKey: Guid(f6c39b3dc219e8a40a291e84039d8dfb) Importer(815301076,1909f56bfc062723c751e8b465ee728b)
Start importing Assets/Vector_Part02_Solution/Vectors_Part_02_Solution.unitypackage using Guid(f6c39b3dc219e8a40a291e84039d8dfb) Importer(815301076,1909f56bfc062723c751e8b465ee728b)  -> (artifact id: 'dbca6889a8ddf782df363e73627b49c5') in 0.322375 seconds 
========================================================================
Received Import Request.
  Time since last request: 26.525724 seconds.
  path: Assets/Vector_Part_01_Solution/Vector_Part_01_Solution.unitypackage
  artifactKey: Guid(9ae34f80a6a886c48951d04437071be1) Importer(815301076,1909f56bfc062723c751e8b465ee728b)
Start importing Assets/Vector_Part_01_Solution/Vector_Part_01_Solution.unitypackage using Guid(9ae34f80a6a886c48951d04437071be1) Importer(815301076,1909f56bfc062723c751e8b465ee728b)  -> (artifact id: '7435683d3c0004dc6da717370c5614a6') in 0.005225 seconds 
========================================================================
Received Prepare
Registering precompiled user dll's ...
Registered in 0.013512 seconds.
Begin MonoManager ReloadAssembly
Symbol file LoadedFromMemory doesn't match image D:\Unity\Vectora\Vectora\Library\PackageCache\com.unity.visualscripting@1.7.8\Editor\VisualScripting.Core\Dependencies\YamlDotNet\Unity.VisualScripting.YamlDotNet.dll
Symbol file LoadedFromMemory doesn't match image D:\Unity\Vectora\Vectora\Library\PackageCache\com.unity.visualscripting@1.7.8\Editor\VisualScripting.Core\Dependencies\DotNetZip\Unity.VisualScripting.IonicZip.dll
Native extension for WindowsStandalone target not found
Refreshing native plugins compatible for Editor in 2.24 ms, found 3 plugins.
Preloading 0 native plugins for Editor in 0.00 ms.
Mono: successfully reloaded assembly
- Completed reload, in  3.160 seconds
Domain Reload Profiling:
	ReloadAssembly (3163ms)
		BeginReloadAssembly (595ms)
			ExecutionOrderSort (0ms)
			DisableScriptedObjects (16ms)
			BackupInstance (0ms)
			ReleaseScriptingObjects (0ms)
			CreateAndSetChildDomain (153ms)
		EndReloadAssembly (2221ms)
			LoadAssemblies (334ms)
			RebuildTransferFunctionScriptingTraits (0ms)
			SetupTypeCache (803ms)
			ReleaseScriptCaches (3ms)
			RebuildScriptCaches (109ms)
			SetupLoadedEditorAssemblies (952ms)
				LogAssemblyErrors (0ms)
				InitializePlatformSupportModulesInManaged (38ms)
				SetLoadedEditorAssemblies (1ms)
				RefreshPlugins (2ms)
				BeforeProcessingInitializeOnLoad (183ms)
				ProcessInitializeOnLoadAttributes (626ms)
				ProcessInitializeOnLoadMethodAttributes (80ms)
				AfterProcessingInitializeOnLoad (19ms)
				EditorAssembliesLoaded (0ms)
			ExecutionOrderSort2 (0ms)
			AwakeInstancesAfterBackupRestoration (33ms)
Platform modules already initialized, skipping
Script is not up to date after domain reload: guid(2b5dda4af5cf23244a23852815884de0) path("Assets/MoveToGoal.cs") state(2)
Refreshing native plugins compatible for Editor in 7.00 ms, found 3 plugins.
Preloading 0 native plugins for Editor in 0.00 ms.
Unloading 3376 Unused Serialized files (Serialized files now loaded: 0)
Unloading 20 unused Assets / (78.4 KB). Loaded Objects now: 3844.
Memory consumption went from 121.0 MB to 120.9 MB.
Total: 51.330800 ms (FindLiveObjects: 0.693100 ms CreateObjectMapping: 0.533800 ms MarkObjects: 49.682700 ms  DeleteObjects: 0.418700 ms)

AssetImportParameters requested are different than current active one (requested -> active):
  custom:video-decoder-ogg-theora: a1e56fd34408186e4bbccfd4996cb3dc -> 
  custom:container-muxer-webm: aa71ff27fc2769a1b78a27578f13a17b -> 
  custom:container-demuxer-webm: 4f35f7cbe854078d1ac9338744f61a02 -> 
  custom:video-encoder-webm-vp8: eb34c28f22e8b96e1ab97ce403110664 -> 
  custom:audio-encoder-webm-vorbis: bf7c407c2cedff20999df2af8eb42d56 -> 
  custom:framework-win-MediaFoundation: 216162199b28c13a410421893ffa2e32 -> 
  custom:container-demuxer-ogg: 62fdf1f143b41e24485cea50d1cbac27 -> 
  custom:video-decoder-webm-vp8: 9c59270c3fd7afecdb556c50c9e8de78 -> 
  custom:audio-decoder-ogg-vorbis: bf7c407c2cedff20999df2af8eb42d56 -> 
========================================================================
Received Prepare
Registering precompiled user dll's ...
Registered in 0.010197 seconds.
Begin MonoManager ReloadAssembly
Symbol file LoadedFromMemory doesn't match image D:\Unity\Vectora\Vectora\Library\PackageCache\com.unity.visualscripting@1.7.8\Editor\VisualScripting.Core\Dependencies\YamlDotNet\Unity.VisualScripting.YamlDotNet.dll
Symbol file LoadedFromMemory doesn't match image D:\Unity\Vectora\Vectora\Library\PackageCache\com.unity.visualscripting@1.7.8\Editor\VisualScripting.Core\Dependencies\DotNetZip\Unity.VisualScripting.IonicZip.dll
Native extension for WindowsStandalone target not found
Refreshing native plugins compatible for Editor in 2.07 ms, found 3 plugins.
Preloading 0 native plugins for Editor in 0.00 ms.
Mono: successfully reloaded assembly
- Completed reload, in  2.916 seconds
Domain Reload Profiling:
	ReloadAssembly (2917ms)
		BeginReloadAssembly (482ms)
			ExecutionOrderSort (0ms)
			DisableScriptedObjects (21ms)
			BackupInstance (0ms)
			ReleaseScriptingObjects (0ms)
			CreateAndSetChildDomain (135ms)
		EndReloadAssembly (2136ms)
			LoadAssemblies (293ms)
			RebuildTransferFunctionScriptingTraits (0ms)
			SetupTypeCache (721ms)
			ReleaseScriptCaches (3ms)
			RebuildScriptCaches (152ms)
			SetupLoadedEditorAssemblies (838ms)
				LogAssemblyErrors (0ms)
				InitializePlatformSupportModulesInManaged (31ms)
				SetLoadedEditorAssemblies (1ms)
				RefreshPlugins (2ms)
				BeforeProcessingInitializeOnLoad (164ms)
				ProcessInitializeOnLoadAttributes (551ms)
				ProcessInitializeOnLoadMethodAttributes (71ms)
				AfterProcessingInitializeOnLoad (17ms)
				EditorAssembliesLoaded (1ms)
			ExecutionOrderSort2 (0ms)
			AwakeInstancesAfterBackupRestoration (29ms)
Platform modules already initialized, skipping
Refreshing native plugins compatible for Editor in 3.79 ms, found 3 plugins.
Preloading 0 native plugins for Editor in 0.00 ms.
Unloading 3377 Unused Serialized files (Serialized files now loaded: 0)
Unloading 20 unused Assets / (78.4 KB). Loaded Objects now: 3848.
Memory consumption went from 121.1 MB to 121.0 MB.
Total: 10.951500 ms (FindLiveObjects: 0.587200 ms CreateObjectMapping: 0.339600 ms MarkObjects: 9.787700 ms  DeleteObjects: 0.235300 ms)

AssetImportParameters requested are different than current active one (requested -> active):
  custom:video-decoder-ogg-theora: a1e56fd34408186e4bbccfd4996cb3dc -> 
  custom:container-muxer-webm: aa71ff27fc2769a1b78a27578f13a17b -> 
  custom:container-demuxer-webm: 4f35f7cbe854078d1ac9338744f61a02 -> 
  custom:video-encoder-webm-vp8: eb34c28f22e8b96e1ab97ce403110664 -> 
  custom:audio-encoder-webm-vorbis: bf7c407c2cedff20999df2af8eb42d56 -> 
  custom:framework-win-MediaFoundation: 216162199b28c13a410421893ffa2e32 -> 
  custom:container-demuxer-ogg: 62fdf1f143b41e24485cea50d1cbac27 -> 
  custom:video-decoder-webm-vp8: 9c59270c3fd7afecdb556c50c9e8de78 -> 
  custom:audio-decoder-ogg-vorbis: bf7c407c2cedff20999df2af8eb42d56 -> 
========================================================================
Received Import Request.
  Time since last request: 514.788035 seconds.
  path: Assets/FreeCharacter/Textures/NPC_Beard_01.jpg
  artifactKey: Guid(ea49fadae16b8ed45842c1f1cf79d478) Importer(815301076,1909f56bfc062723c751e8b465ee728b)
Start importing Assets/FreeCharacter/Textures/NPC_Beard_01.jpg using Guid(ea49fadae16b8ed45842c1f1cf79d478) Importer(815301076,1909f56bfc062723c751e8b465ee728b)  -> (artifact id: 'a2292be98bb81466958d0b241f0f4dce') in 0.339581 seconds 
========================================================================
Received Import Request.
  Time since last request: 0.000051 seconds.
  path: Assets/FreeCharacter/Textures/NPC_Hair_01.jpg
  artifactKey: Guid(a0f2a53ae9077094abcfa6d241f5cbf9) Importer(815301076,1909f56bfc062723c751e8b465ee728b)
Start importing Assets/FreeCharacter/Textures/NPC_Hair_01.jpg using Guid(a0f2a53ae9077094abcfa6d241f5cbf9) Importer(815301076,1909f56bfc062723c751e8b465ee728b)  -> (artifact id: 'ca26e898a9af7e77739b3bdf710f5bb1') in 0.031219 seconds 
========================================================================
Received Import Request.
  Time since last request: 0.000058 seconds.
  path: Assets/FreeCharacter/Materials/NPC_Basket_01.mat
  artifactKey: Guid(22a364e606e45354bb981ef2bf74a19c) Importer(815301076,1909f56bfc062723c751e8b465ee728b)
Start importing Assets/FreeCharacter/Materials/NPC_Basket_01.mat using Guid(22a364e606e45354bb981ef2bf74a19c) Importer(815301076,1909f56bfc062723c751e8b465ee728b)  -> (artifact id: '9635380439cc206796b459d8e2af5360') in 2.066580 seconds 
========================================================================
Received Import Request.
  Time since last request: 0.000049 seconds.
  path: Assets/FreeCharacter/FreeCharacter_model.FBX
  artifactKey: Guid(1b7945602ded3ec43804b120aa9ed037) Importer(815301076,1909f56bfc062723c751e8b465ee728b)
Start importing Assets/FreeCharacter/FreeCharacter_model.FBX using Guid(1b7945602ded3ec43804b120aa9ed037) Importer(815301076,1909f56bfc062723c751e8b465ee728b)  -> (artifact id: 'f1cb12ec095fe59eaf81ae358c1739a5') in 1.599199 seconds 
========================================================================
Received Import Request.
  Time since last request: 4.632278 seconds.
  path: Assets/Scenes/SampleScene.unity
  artifactKey: Guid(9fc0d4010bbf28b4594072e72b8655ab) Importer(815301076,1909f56bfc062723c751e8b465ee728b)
Start importing Assets/Scenes/SampleScene.unity using Guid(9fc0d4010bbf28b4594072e72b8655ab) Importer(815301076,1909f56bfc062723c751e8b465ee728b)  -> (artifact id: 'e55ccaa32d8e5c1de03c07a5412c8c3c') in 0.004244 seconds 
========================================================================
Received Import Request.
  Time since last request: 2.397174 seconds.
  path: Assets/FreeCharacter/Materials
  artifactKey: Guid(3e9b2b06e110541a3b07355592aa28e1) Importer(815301076,1909f56bfc062723c751e8b465ee728b)
Start importing Assets/FreeCharacter/Materials using Guid(3e9b2b06e110541a3b07355592aa28e1) Importer(815301076,1909f56bfc062723c751e8b465ee728b)  -> (artifact id: '8e6b986ccacf9bf7bf5e4ff4e2ee7937') in 0.004588 seconds 
========================================================================
Received Import Request.
  Time since last request: 2.815542 seconds.
  path: Assets/FreeCharacter/Prefabs/Lumberjack1.prefab
  artifactKey: Guid(e16ebd76d5ceffd4ea77091388330041) Importer(815301076,1909f56bfc062723c751e8b465ee728b)
Start importing Assets/FreeCharacter/Prefabs/Lumberjack1.prefab using Guid(e16ebd76d5ceffd4ea77091388330041) Importer(815301076,1909f56bfc062723c751e8b465ee728b)  -> (artifact id: 'a69c43025344dfe7b0816502fb5e7c5d') in 0.414438 seconds 
========================================================================
Received Import Request.
  Time since last request: 0.000060 seconds.
  path: Assets/FreeCharacter/Prefabs/NPC_Beard_008.prefab
  artifactKey: Guid(22c332ac2b644c946bfab432ad23e74d) Importer(815301076,1909f56bfc062723c751e8b465ee728b)
Start importing Assets/FreeCharacter/Prefabs/NPC_Beard_008.prefab using Guid(22c332ac2b644c946bfab432ad23e74d) Importer(815301076,1909f56bfc062723c751e8b465ee728b)  -> (artifact id: '33b151f735d78d73483c75d35763e7c7') in 0.028606 seconds 
========================================================================
Received Import Request.
  Time since last request: 0.000066 seconds.
  path: Assets/FreeCharacter/Prefabs/Lumberjack3.prefab
  artifactKey: Guid(a9a1333964c1bd94d855c53081841cb1) Importer(815301076,1909f56bfc062723c751e8b465ee728b)
Start importing Assets/FreeCharacter/Prefabs/Lumberjack3.prefab using Guid(a9a1333964c1bd94d855c53081841cb1) Importer(815301076,1909f56bfc062723c751e8b465ee728b)  -> (artifact id: 'da43ccf5f7665ee6672940f3b096d772') in 0.046558 seconds 
========================================================================
Received Import Request.
  Time since last request: 33.827301 seconds.
  path: Assets/Materials/TexturesCom_Gravel0149_1_seamless_S.jpg
  artifactKey: Guid(d6d5f396dd62a844e8c85d47a7c25b93) Importer(815301076,1909f56bfc062723c751e8b465ee728b)
Start importing Assets/Materials/TexturesCom_Gravel0149_1_seamless_S.jpg using Guid(d6d5f396dd62a844e8c85d47a7c25b93) Importer(815301076,1909f56bfc062723c751e8b465ee728b)  -> (artifact id: '4a749deb2c358b2923db2230736987ae') in 0.021999 seconds 
========================================================================
Received Import Request.
  Time since last request: 0.055238 seconds.
  path: Assets/Materials/TexturesCom_Gravel0149_1_seamless_S.mat
  artifactKey: Guid(40a0ef94f1a774dc680fcd0f7809d305) Importer(815301076,1909f56bfc062723c751e8b465ee728b)
Start importing Assets/Materials/TexturesCom_Gravel0149_1_seamless_S.mat using Guid(40a0ef94f1a774dc680fcd0f7809d305) Importer(815301076,1909f56bfc062723c751e8b465ee728b)  -> (artifact id: '6b369c14b9e8e16c84b96a3c267db6c6') in 0.036555 seconds 
========================================================================
Received Import Request.
  Time since last request: 205.292752 seconds.
  path: Assets/MoveToGoal.cs
  artifactKey: Guid(2b5dda4af5cf23244a23852815884de0) Importer(815301076,1909f56bfc062723c751e8b465ee728b)
Start importing Assets/MoveToGoal.cs using Guid(2b5dda4af5cf23244a23852815884de0) Importer(815301076,1909f56bfc062723c751e8b465ee728b)  -> (artifact id: 'f5e8b4239128690ebe7cfbb5b51d598f') in 0.060368 seconds 
========================================================================
Received Import Request.
  Time since last request: 45.755943 seconds.
  path: Assets/Moving.unity
  artifactKey: Guid(fc864bda7c9e379479c60f17a60bafad) Importer(815301076,1909f56bfc062723c751e8b465ee728b)
Start importing Assets/Moving.unity using Guid(fc864bda7c9e379479c60f17a60bafad) Importer(815301076,1909f56bfc062723c751e8b465ee728b)  -> (artifact id: 'bcfde28f2e8782ebfbe2d9c17ed726ea') in 0.004112 seconds 
========================================================================
Received Prepare
Registering precompiled user dll's ...
Registered in 0.013404 seconds.
Begin MonoManager ReloadAssembly
Symbol file LoadedFromMemory doesn't match image D:\Unity\Vectora\Vectora\Library\PackageCache\com.unity.visualscripting@1.7.8\Editor\VisualScripting.Core\Dependencies\YamlDotNet\Unity.VisualScripting.YamlDotNet.dll
Symbol file LoadedFromMemory doesn't match image D:\Unity\Vectora\Vectora\Library\PackageCache\com.unity.visualscripting@1.7.8\Editor\VisualScripting.Core\Dependencies\DotNetZip\Unity.VisualScripting.IonicZip.dll
Native extension for WindowsStandalone target not found
Refreshing native plugins compatible for Editor in 2.41 ms, found 3 plugins.
Preloading 0 native plugins for Editor in 0.00 ms.
Mono: successfully reloaded assembly
- Completed reload, in 19.579 seconds
Domain Reload Profiling:
	ReloadAssembly (19582ms)
		BeginReloadAssembly (9499ms)
			ExecutionOrderSort (0ms)
			DisableScriptedObjects (19ms)
			BackupInstance (0ms)
			ReleaseScriptingObjects (1ms)
			CreateAndSetChildDomain (203ms)
		EndReloadAssembly (8863ms)
			LoadAssemblies (9865ms)
			RebuildTransferFunctionScriptingTraits (40ms)
			SetupTypeCache (973ms)
			ReleaseScriptCaches (7ms)
			RebuildScriptCaches (122ms)
			SetupLoadedEditorAssemblies (3740ms)
				LogAssemblyErrors (0ms)
				InitializePlatformSupportModulesInManaged (36ms)
				SetLoadedEditorAssemblies (25ms)
				RefreshPlugins (3ms)
				BeforeProcessingInitializeOnLoad (2163ms)
				ProcessInitializeOnLoadAttributes (973ms)
				ProcessInitializeOnLoadMethodAttributes (521ms)
				AfterProcessingInitializeOnLoad (15ms)
				EditorAssembliesLoaded (4ms)
			ExecutionOrderSort2 (0ms)
			AwakeInstancesAfterBackupRestoration (50ms)
Platform modules already initialized, skipping
Refreshing native plugins compatible for Editor in 81.22 ms, found 3 plugins.
Preloading 0 native plugins for Editor in 0.00 ms.
Unloading 3377 Unused Serialized files (Serialized files now loaded: 0)
Unloading 20 unused Assets / (78.6 KB). Loaded Objects now: 3895.
Memory consumption went from 134.5 MB to 134.4 MB.
Total: 11.891500 ms (FindLiveObjects: 0.682500 ms CreateObjectMapping: 0.368400 ms MarkObjects: 10.382900 ms  DeleteObjects: 0.454500 ms)

AssetImportParameters requested are different than current active one (requested -> active):
  custom:video-decoder-ogg-theora: a1e56fd34408186e4bbccfd4996cb3dc -> 
  custom:container-muxer-webm: aa71ff27fc2769a1b78a27578f13a17b -> 
  custom:container-demuxer-webm: 4f35f7cbe854078d1ac9338744f61a02 -> 
  custom:video-encoder-webm-vp8: eb34c28f22e8b96e1ab97ce403110664 -> 
  custom:audio-encoder-webm-vorbis: bf7c407c2cedff20999df2af8eb42d56 -> 
  custom:framework-win-MediaFoundation: 216162199b28c13a410421893ffa2e32 -> 
  custom:container-demuxer-ogg: 62fdf1f143b41e24485cea50d1cbac27 -> 
  custom:video-decoder-webm-vp8: 9c59270c3fd7afecdb556c50c9e8de78 -> 
  custom:audio-decoder-ogg-vorbis: bf7c407c2cedff20999df2af8eb42d56 -> 
========================================================================
Received Prepare
Registering precompiled user dll's ...
Registered in 0.013496 seconds.
